2023-12-07 10:31:45,429 INFO o.s.t.c.s.AnnotationConfigContextLoaderUtils [main] Could not detect default configuration classes for test class [com.example.todorest.TodoRestApplicationTests]: TodoRestApplicationTests does not declare any static, non-private, non-final, nested classes annotated with @Configuration.
2023-12-07 10:31:45,659 INFO o.s.b.t.c.SpringBootTestContextBootstrapper [main] Found @SpringBootConfiguration com.example.todorest.TodoRestApplication for test class com.example.todorest.TodoRestApplicationTests
2023-12-07 10:31:46,269 INFO o.h.v.i.u.Version [background-preinit] HV000001: Hibernate Validator 8.0.0.Final
2023-12-07 10:31:46,293 INFO o.s.b.StartupInfoLogger [main] Starting TodoRestApplicationTests using Java 19.0.2 with PID 12428 (started by Arman in C:\Users\Arman\IdeaProjects\todo-rest)
2023-12-07 10:31:46,293 INFO o.s.b.SpringApplication [main] No active profile set, falling back to 1 default profile: "default"
2023-12-07 10:31:48,650 INFO o.s.d.r.c.RepositoryConfigurationDelegate [main] Bootstrapping Spring Data JPA repositories in DEFAULT mode.
2023-12-07 10:31:48,749 INFO o.s.d.r.c.RepositoryConfigurationDelegate [main] Finished Spring Data repository scanning in 82 ms. Found 3 JPA repository interfaces.
2023-12-07 10:31:49,599 INFO c.z.h.HikariDataSource [main] HikariPool-1 - Starting...
2023-12-07 10:31:50,254 INFO c.z.h.p.HikariPool [main] HikariPool-1 - Added connection com.mysql.cj.jdbc.ConnectionImpl@1785d194
2023-12-07 10:31:50,259 INFO c.z.h.HikariDataSource [main] HikariPool-1 - Start completed.
2023-12-07 10:31:51,254 INFO l.l.c.JavaLogger [main] Reading from todorest.DATABASECHANGELOG
2023-12-07 10:31:51,269 INFO l.l.c.JavaLogger [main] Changelog query completed.
2023-12-07 10:31:51,479 INFO o.h.j.i.u.LogHelper [main] HHH000204: Processing PersistenceUnitInfo [name: default]
2023-12-07 10:31:51,609 INFO o.h.Version [main] HHH000412: Hibernate ORM core version 6.2.2.Final
2023-12-07 10:31:51,614 INFO o.h.c.Environment [main] HHH000406: Using bytecode reflection optimizer
2023-12-07 10:31:51,866 INFO o.h.b.i.BytecodeProviderInitiator [main] HHH000021: Bytecode provider name : bytebuddy
2023-12-07 10:31:52,059 INFO o.s.o.j.p.SpringPersistenceUnitInfo [main] No LoadTimeWeaver setup: ignoring JPA class transformer
2023-12-07 10:31:52,138 INFO o.h.e.j.d.i.DialectFactoryImpl [main] HHH035001: Using dialect: org.hibernate.dialect.MySQLDialect, version: 8.0.34
2023-12-07 10:31:52,414 INFO o.h.b.i.BytecodeProviderInitiator [main] HHH000021: Bytecode provider name : bytebuddy
2023-12-07 10:31:53,253 INFO o.h.e.t.j.p.i.JtaPlatformInitiator [main] HHH000490: Using JtaPlatform implementation: [org.hibernate.engine.transaction.jta.platform.internal.NoJtaPlatform]
2023-12-07 10:31:53,369 INFO o.s.o.j.AbstractEntityManagerFactoryBean [main] Initialized JPA EntityManagerFactory for persistence unit 'default'
2023-12-07 10:31:54,808 WARN o.s.b.a.o.j.JpaBaseConfiguration$JpaWebConfiguration [main] spring.jpa.open-in-view is enabled by default. Therefore, database queries may be performed during view rendering. Explicitly configure spring.jpa.open-in-view to disable this warning
2023-12-07 10:31:55,603 INFO o.s.s.w.DefaultSecurityFilterChain [main] Will secure any request with [org.springframework.security.web.session.DisableEncodeUrlFilter@23657729, org.springframework.security.web.context.request.async.WebAsyncManagerIntegrationFilter@365291bd, org.springframework.security.web.context.SecurityContextHolderFilter@5eaa6f76, org.springframework.security.web.header.HeaderWriterFilter@7e113065, org.springframework.security.web.authentication.logout.LogoutFilter@4d62bb8b, com.example.todorest.filter.JWTAuthenticationTokenFilter@345d4ecb, org.springframework.security.web.savedrequest.RequestCacheAwareFilter@35129b9e, org.springframework.security.web.servletapi.SecurityContextHolderAwareRequestFilter@34a06981, org.springframework.security.web.authentication.AnonymousAuthenticationFilter@68c05c5b, org.springframework.security.web.session.SessionManagementFilter@7712c315, org.springframework.security.web.access.ExceptionTranslationFilter@3678f32e, org.springframework.security.web.access.intercept.AuthorizationFilter@2d2710a8]
2023-12-07 10:31:56,279 INFO o.s.b.StartupInfoLogger [main] Started TodoRestApplicationTests in 10.392 seconds (process running for 14.216)
2023-12-07 10:31:57,730 INFO o.s.o.j.AbstractEntityManagerFactoryBean [SpringApplicationShutdownHook] Closing JPA EntityManagerFactory for persistence unit 'default'
2023-12-07 10:31:57,748 INFO c.z.h.HikariDataSource [SpringApplicationShutdownHook] HikariPool-1 - Shutdown initiated...
2023-12-07 10:31:57,773 INFO c.z.h.HikariDataSource [SpringApplicationShutdownHook] HikariPool-1 - Shutdown completed.
2023-12-07 12:24:59,048 INFO o.s.t.c.s.AnnotationConfigContextLoaderUtils [main] Could not detect default configuration classes for test class [com.example.todorest.TodoRestApplicationTests]: TodoRestApplicationTests does not declare any static, non-private, non-final, nested classes annotated with @Configuration.
2023-12-07 12:24:59,163 INFO o.s.b.t.c.SpringBootTestContextBootstrapper [main] Found @SpringBootConfiguration com.example.todorest.TodoRestApplication for test class com.example.todorest.TodoRestApplicationTests
2023-12-07 12:24:59,704 INFO o.h.v.i.u.Version [background-preinit] HV000001: Hibernate Validator 8.0.0.Final
2023-12-07 12:24:59,727 INFO o.s.b.StartupInfoLogger [main] Starting TodoRestApplicationTests using Java 19.0.2 with PID 14144 (started by Arman in C:\Users\Arman\IdeaProjects\todo-rest)
2023-12-07 12:24:59,730 INFO o.s.b.SpringApplication [main] No active profile set, falling back to 1 default profile: "default"
2023-12-07 12:25:02,293 INFO o.s.d.r.c.RepositoryConfigurationDelegate [main] Bootstrapping Spring Data JPA repositories in DEFAULT mode.
2023-12-07 12:25:02,427 INFO o.s.d.r.c.RepositoryConfigurationDelegate [main] Finished Spring Data repository scanning in 116 ms. Found 3 JPA repository interfaces.
2023-12-07 12:25:03,303 INFO c.z.h.HikariDataSource [main] HikariPool-1 - Starting...
2023-12-07 12:25:03,941 INFO c.z.h.p.HikariPool [main] HikariPool-1 - Added connection com.mysql.cj.jdbc.ConnectionImpl@59918c8f
2023-12-07 12:25:03,945 INFO c.z.h.HikariDataSource [main] HikariPool-1 - Start completed.
2023-12-07 12:25:04,898 INFO l.l.c.JavaLogger [main] Reading from todorest.DATABASECHANGELOG
2023-12-07 12:25:04,911 INFO l.l.c.JavaLogger [main] Changelog query completed.
2023-12-07 12:25:05,101 INFO o.h.j.i.u.LogHelper [main] HHH000204: Processing PersistenceUnitInfo [name: default]
2023-12-07 12:25:05,178 INFO o.h.Version [main] HHH000412: Hibernate ORM core version 6.2.2.Final
2023-12-07 12:25:05,182 INFO o.h.c.Environment [main] HHH000406: Using bytecode reflection optimizer
2023-12-07 12:25:05,378 INFO o.h.b.i.BytecodeProviderInitiator [main] HHH000021: Bytecode provider name : bytebuddy
2023-12-07 12:25:05,562 INFO o.s.o.j.p.SpringPersistenceUnitInfo [main] No LoadTimeWeaver setup: ignoring JPA class transformer
2023-12-07 12:25:05,628 INFO o.h.e.j.d.i.DialectFactoryImpl [main] HHH035001: Using dialect: org.hibernate.dialect.MySQLDialect, version: 8.0.34
2023-12-07 12:25:05,914 INFO o.h.b.i.BytecodeProviderInitiator [main] HHH000021: Bytecode provider name : bytebuddy
2023-12-07 12:25:06,871 INFO o.h.e.t.j.p.i.JtaPlatformInitiator [main] HHH000490: Using JtaPlatform implementation: [org.hibernate.engine.transaction.jta.platform.internal.NoJtaPlatform]
2023-12-07 12:25:07,112 INFO o.s.o.j.AbstractEntityManagerFactoryBean [main] Initialized JPA EntityManagerFactory for persistence unit 'default'
2023-12-07 12:25:08,015 WARN o.s.c.LocalVariableTableParameterNameDiscoverer [main] Using deprecated '-debug' fallback for parameter name resolution. Compile the affected code with '-parameters' instead or avoid its introspection: com.example.todorest.repository.UserRepository
2023-12-07 12:25:08,597 WARN o.s.c.LocalVariableTableParameterNameDiscoverer [main] Using deprecated '-debug' fallback for parameter name resolution. Compile the affected code with '-parameters' instead or avoid its introspection: com.example.todorest.repository.ToDoRepository
2023-12-07 12:25:08,790 WARN o.s.b.a.o.j.JpaBaseConfiguration$JpaWebConfiguration [main] spring.jpa.open-in-view is enabled by default. Therefore, database queries may be performed during view rendering. Explicitly configure spring.jpa.open-in-view to disable this warning
2023-12-07 12:25:09,650 INFO o.s.s.w.DefaultSecurityFilterChain [main] Will secure any request with [org.springframework.security.web.session.DisableEncodeUrlFilter@45ed58b, org.springframework.security.web.context.request.async.WebAsyncManagerIntegrationFilter@465e9090, org.springframework.security.web.context.SecurityContextHolderFilter@1e40edb7, org.springframework.security.web.header.HeaderWriterFilter@21139739, org.springframework.security.web.authentication.logout.LogoutFilter@7f88c53, com.example.todorest.filter.JWTAuthenticationTokenFilter@6bab373c, org.springframework.security.web.savedrequest.RequestCacheAwareFilter@282c0891, org.springframework.security.web.servletapi.SecurityContextHolderAwareRequestFilter@66790851, org.springframework.security.web.authentication.AnonymousAuthenticationFilter@7bfd8f92, org.springframework.security.web.session.SessionManagementFilter@64dbb343, org.springframework.security.web.access.ExceptionTranslationFilter@27de9336, org.springframework.security.web.access.intercept.AuthorizationFilter@17baaf07]
2023-12-07 12:25:10,382 INFO o.s.b.StartupInfoLogger [main] Started TodoRestApplicationTests in 11.033 seconds (process running for 12.875)
2023-12-07 12:25:11,334 INFO o.s.o.j.AbstractEntityManagerFactoryBean [SpringApplicationShutdownHook] Closing JPA EntityManagerFactory for persistence unit 'default'
2023-12-07 12:25:11,339 INFO c.z.h.HikariDataSource [SpringApplicationShutdownHook] HikariPool-1 - Shutdown initiated...
2023-12-07 12:25:11,352 INFO c.z.h.HikariDataSource [SpringApplicationShutdownHook] HikariPool-1 - Shutdown completed.
2023-12-07 12:43:17,629 INFO c.e.t.s.i.CategoryServiceImpl [main] Category has been successfully added
2023-12-07 12:47:03,806 INFO o.s.t.c.s.AnnotationConfigContextLoaderUtils [main] Could not detect default configuration classes for test class [com.example.todorest.TodoRestApplicationTests]: TodoRestApplicationTests does not declare any static, non-private, non-final, nested classes annotated with @Configuration.
2023-12-07 12:47:03,973 INFO o.s.b.t.c.SpringBootTestContextBootstrapper [main] Found @SpringBootConfiguration com.example.todorest.TodoRestApplication for test class com.example.todorest.TodoRestApplicationTests
2023-12-07 12:47:04,552 INFO o.h.v.i.u.Version [background-preinit] HV000001: Hibernate Validator 8.0.0.Final
2023-12-07 12:47:04,600 INFO o.s.b.StartupInfoLogger [main] Starting TodoRestApplicationTests using Java 19.0.2 with PID 11132 (started by Arman in C:\Users\Arman\IdeaProjects\todo-rest)
2023-12-07 12:47:04,601 INFO o.s.b.SpringApplication [main] No active profile set, falling back to 1 default profile: "default"
2023-12-07 12:47:06,247 INFO o.s.d.r.c.RepositoryConfigurationDelegate [main] Bootstrapping Spring Data JPA repositories in DEFAULT mode.
2023-12-07 12:47:06,357 INFO o.s.d.r.c.RepositoryConfigurationDelegate [main] Finished Spring Data repository scanning in 101 ms. Found 3 JPA repository interfaces.
2023-12-07 12:47:07,047 INFO c.z.h.HikariDataSource [main] HikariPool-1 - Starting...
2023-12-07 12:47:07,556 INFO c.z.h.p.HikariPool [main] HikariPool-1 - Added connection conn0: url=jdbc:h2:mem:test user=SA
2023-12-07 12:47:07,559 INFO c.z.h.HikariDataSource [main] HikariPool-1 - Start completed.
2023-12-07 12:47:07,650 INFO l.l.c.JavaLogger [main] Set default schema name to PUBLIC
2023-12-07 12:47:08,336 INFO l.l.c.JavaLogger [main] Changelog query completed.
2023-12-07 12:47:08,401 INFO l.l.c.JavaLogger [main] Changelog query completed.
2023-12-07 12:47:08,409 INFO l.l.c.JavaLogger [main] Changelog query completed.
2023-12-07 12:47:08,414 INFO l.l.c.JavaLogger [main] Changelog query completed.
2023-12-07 12:47:08,427 INFO l.l.c.JavaLogger [main] Changelog query completed.
2023-12-07 12:47:08,429 INFO l.l.c.JavaLogger [main] Successfully acquired change log lock
2023-12-07 12:47:08,458 INFO l.l.c.JavaLogger [main] Creating database history table with name: PUBLIC.DATABASECHANGELOG
2023-12-07 12:47:08,465 INFO l.l.c.JavaLogger [main] Changelog query completed.
2023-12-07 12:47:08,467 INFO l.l.c.JavaLogger [main] Reading from PUBLIC.DATABASECHANGELOG
2023-12-07 12:47:08,470 INFO l.l.c.JavaLogger [main] Changelog query completed.
2023-12-07 12:47:08,473 INFO l.l.c.JavaLogger [main] Changelog query completed.
2023-12-07 12:47:08,586 INFO l.l.c.JavaLogger [main] Table user created
2023-12-07 12:47:08,587 INFO l.l.c.JavaLogger [main] ChangeSet liquibase/changelog.xml::createTableUser::ArmManukyan ran successfully in 12ms
2023-12-07 12:47:08,591 INFO l.l.c.JavaLogger [main] Changelog query completed.
2023-12-07 12:47:08,594 INFO l.l.c.JavaLogger [main] Changelog query completed.
2023-12-07 12:47:08,599 INFO l.l.c.JavaLogger [main] Table category created
2023-12-07 12:47:08,600 INFO l.l.c.JavaLogger [main] ChangeSet liquibase/changelog.xml::createTable::ArmManukyan ran successfully in 5ms
2023-12-07 12:47:08,602 INFO l.l.c.JavaLogger [main] Changelog query completed.
2023-12-07 12:47:08,612 ERROR l.l.c.JavaLogger [main] ChangeSet liquibase/changelog.xml::createTodoTable::ArmManukyan encountered an exception.
2023-12-07 12:47:08,613 INFO l.l.c.JavaLogger [main] Update command encountered an exception.
2023-12-07 12:47:08,616 INFO l.l.c.JavaLogger [main] Changelog query completed.
2023-12-07 12:47:08,617 INFO l.l.c.JavaLogger [main] Successfully released change log lock
2023-12-07 12:47:08,619 WARN o.s.c.s.AbstractApplicationContext [main] Exception encountered during context initialization - cancelling refresh attempt: org.springframework.beans.factory.BeanCreationException: Error creating bean with name 'liquibase' defined in class path resource [org/springframework/boot/autoconfigure/liquibase/LiquibaseAutoConfiguration$LiquibaseConfiguration.class]: liquibase.exception.MigrationFailedException: Migration failed for changeset liquibase/changelog.xml::createTodoTable::ArmManukyan:
     Reason: liquibase.exception.DatabaseException: Синтаксическая ошибка в выражении SQL "CREATE TABLE PUBLIC.todo (id INT GENERATED BY DEFAULT AS IDENTITY NOT NULL, title VARCHAR(255) NOT NULL, status ENUM('NOT_STARTED', ' IN_PROGRESS', 'DONE'), category_id INT NOT NULL, user_id INT NOT NULL, CONSTRAINT PK_TODO PRIMARY KEY (id), CONSTRAINT fk_todo_category FOREIGN KEY (category_id) REFERENCES PUBLIC.category(id) ON DELETE CASCADE, CONSTRAINT fk_todo_user FOREIGN KEY (user_id) REFERENCES PUBLIC.[*]user(id) ON DELETE CASCADE)"; ожидалось "identifier"
Syntax error in SQL statement "CREATE TABLE PUBLIC.todo (id INT GENERATED BY DEFAULT AS IDENTITY NOT NULL, title VARCHAR(255) NOT NULL, status ENUM('NOT_STARTED', ' IN_PROGRESS', 'DONE'), category_id INT NOT NULL, user_id INT NOT NULL, CONSTRAINT PK_TODO PRIMARY KEY (id), CONSTRAINT fk_todo_category FOREIGN KEY (category_id) REFERENCES PUBLIC.category(id) ON DELETE CASCADE, CONSTRAINT fk_todo_user FOREIGN KEY (user_id) REFERENCES PUBLIC.[*]user(id) ON DELETE CASCADE)"; expected "identifier"; SQL statement:
CREATE TABLE PUBLIC.todo (id INT GENERATED BY DEFAULT AS IDENTITY NOT NULL, title VARCHAR(255) NOT NULL, status ENUM('NOT_STARTED', ' IN_PROGRESS', 'DONE'), category_id INT NOT NULL, user_id INT NOT NULL, CONSTRAINT PK_TODO PRIMARY KEY (id), CONSTRAINT fk_todo_category FOREIGN KEY (category_id) REFERENCES PUBLIC.category(id) ON DELETE CASCADE, CONSTRAINT fk_todo_user FOREIGN KEY (user_id) REFERENCES PUBLIC.user(id) ON DELETE CASCADE) [42001-220] [Failed SQL: (42001) CREATE TABLE PUBLIC.todo (id INT GENERATED BY DEFAULT AS IDENTITY NOT NULL, title VARCHAR(255) NOT NULL, status ENUM('NOT_STARTED', ' IN_PROGRESS', 'DONE'), category_id INT NOT NULL, user_id INT NOT NULL, CONSTRAINT PK_TODO PRIMARY KEY (id), CONSTRAINT fk_todo_category FOREIGN KEY (category_id) REFERENCES PUBLIC.category(id) ON DELETE CASCADE, CONSTRAINT fk_todo_user FOREIGN KEY (user_id) REFERENCES PUBLIC.user(id) ON DELETE CASCADE)]
2023-12-07 12:47:08,620 INFO c.z.h.HikariDataSource [main] HikariPool-1 - Shutdown initiated...
2023-12-07 12:47:08,625 INFO c.z.h.HikariDataSource [main] HikariPool-1 - Shutdown completed.
2023-12-07 12:47:08,638 INFO o.s.b.a.l.ConditionEvaluationReportLogger [main] 

Error starting ApplicationContext. To display the condition evaluation report re-run your application with 'debug' enabled.
2023-12-07 12:47:08,665 ERROR o.s.b.SpringApplication [main] Application run failed
org.springframework.beans.factory.BeanCreationException: Error creating bean with name 'liquibase' defined in class path resource [org/springframework/boot/autoconfigure/liquibase/LiquibaseAutoConfiguration$LiquibaseConfiguration.class]: liquibase.exception.MigrationFailedException: Migration failed for changeset liquibase/changelog.xml::createTodoTable::ArmManukyan:
     Reason: liquibase.exception.DatabaseException: Синтаксическая ошибка в выражении SQL "CREATE TABLE PUBLIC.todo (id INT GENERATED BY DEFAULT AS IDENTITY NOT NULL, title VARCHAR(255) NOT NULL, status ENUM('NOT_STARTED', ' IN_PROGRESS', 'DONE'), category_id INT NOT NULL, user_id INT NOT NULL, CONSTRAINT PK_TODO PRIMARY KEY (id), CONSTRAINT fk_todo_category FOREIGN KEY (category_id) REFERENCES PUBLIC.category(id) ON DELETE CASCADE, CONSTRAINT fk_todo_user FOREIGN KEY (user_id) REFERENCES PUBLIC.[*]user(id) ON DELETE CASCADE)"; ожидалось "identifier"
Syntax error in SQL statement "CREATE TABLE PUBLIC.todo (id INT GENERATED BY DEFAULT AS IDENTITY NOT NULL, title VARCHAR(255) NOT NULL, status ENUM('NOT_STARTED', ' IN_PROGRESS', 'DONE'), category_id INT NOT NULL, user_id INT NOT NULL, CONSTRAINT PK_TODO PRIMARY KEY (id), CONSTRAINT fk_todo_category FOREIGN KEY (category_id) REFERENCES PUBLIC.category(id) ON DELETE CASCADE, CONSTRAINT fk_todo_user FOREIGN KEY (user_id) REFERENCES PUBLIC.[*]user(id) ON DELETE CASCADE)"; expected "identifier"; SQL statement:
CREATE TABLE PUBLIC.todo (id INT GENERATED BY DEFAULT AS IDENTITY NOT NULL, title VARCHAR(255) NOT NULL, status ENUM('NOT_STARTED', ' IN_PROGRESS', 'DONE'), category_id INT NOT NULL, user_id INT NOT NULL, CONSTRAINT PK_TODO PRIMARY KEY (id), CONSTRAINT fk_todo_category FOREIGN KEY (category_id) REFERENCES PUBLIC.category(id) ON DELETE CASCADE, CONSTRAINT fk_todo_user FOREIGN KEY (user_id) REFERENCES PUBLIC.user(id) ON DELETE CASCADE) [42001-220] [Failed SQL: (42001) CREATE TABLE PUBLIC.todo (id INT GENERATED BY DEFAULT AS IDENTITY NOT NULL, title VARCHAR(255) NOT NULL, status ENUM('NOT_STARTED', ' IN_PROGRESS', 'DONE'), category_id INT NOT NULL, user_id INT NOT NULL, CONSTRAINT PK_TODO PRIMARY KEY (id), CONSTRAINT fk_todo_category FOREIGN KEY (category_id) REFERENCES PUBLIC.category(id) ON DELETE CASCADE, CONSTRAINT fk_todo_user FOREIGN KEY (user_id) REFERENCES PUBLIC.user(id) ON DELETE CASCADE)]
	at org.springframework.beans.factory.support.AbstractAutowireCapableBeanFactory.initializeBean(AbstractAutowireCapableBeanFactory.java:1770)
	at org.springframework.beans.factory.support.AbstractAutowireCapableBeanFactory.doCreateBean(AbstractAutowireCapableBeanFactory.java:598)
	at org.springframework.beans.factory.support.AbstractAutowireCapableBeanFactory.createBean(AbstractAutowireCapableBeanFactory.java:520)
	at org.springframework.beans.factory.support.AbstractBeanFactory.lambda$doGetBean$0(AbstractBeanFactory.java:326)
	at org.springframework.beans.factory.support.DefaultSingletonBeanRegistry.getSingleton(DefaultSingletonBeanRegistry.java:234)
	at org.springframework.beans.factory.support.AbstractBeanFactory.doGetBean(AbstractBeanFactory.java:324)
	at org.springframework.beans.factory.support.AbstractBeanFactory.getBean(AbstractBeanFactory.java:200)
	at org.springframework.beans.factory.support.AbstractBeanFactory.doGetBean(AbstractBeanFactory.java:313)
	at org.springframework.beans.factory.support.AbstractBeanFactory.getBean(AbstractBeanFactory.java:200)
	at org.springframework.context.support.AbstractApplicationContext.getBean(AbstractApplicationContext.java:1156)
	at org.springframework.context.support.AbstractApplicationContext.finishBeanFactoryInitialization(AbstractApplicationContext.java:931)
	at org.springframework.context.support.AbstractApplicationContext.refresh(AbstractApplicationContext.java:608)
	at org.springframework.boot.SpringApplication.refresh(SpringApplication.java:733)
	at org.springframework.boot.SpringApplication.refreshContext(SpringApplication.java:435)
	at org.springframework.boot.SpringApplication.run(SpringApplication.java:311)
	at org.springframework.boot.test.context.SpringBootContextLoader.lambda$loadContext$3(SpringBootContextLoader.java:137)
	at org.springframework.util.function.ThrowingSupplier.get(ThrowingSupplier.java:58)
	at org.springframework.util.function.ThrowingSupplier.get(ThrowingSupplier.java:46)
	at org.springframework.boot.SpringApplication.withHook(SpringApplication.java:1405)
	at org.springframework.boot.test.context.SpringBootContextLoader$ContextLoaderHook.run(SpringBootContextLoader.java:545)
	at org.springframework.boot.test.context.SpringBootContextLoader.loadContext(SpringBootContextLoader.java:137)
	at org.springframework.boot.test.context.SpringBootContextLoader.loadContext(SpringBootContextLoader.java:108)
	at org.springframework.test.context.cache.DefaultCacheAwareContextLoaderDelegate.loadContextInternal(DefaultCacheAwareContextLoaderDelegate.java:184)
	at org.springframework.test.context.cache.DefaultCacheAwareContextLoaderDelegate.loadContext(DefaultCacheAwareContextLoaderDelegate.java:118)
	at org.springframework.test.context.support.DefaultTestContext.getApplicationContext(DefaultTestContext.java:127)
	at org.springframework.test.context.web.ServletTestExecutionListener.setUpRequestContextIfNecessary(ServletTestExecutionListener.java:191)
	at org.springframework.test.context.web.ServletTestExecutionListener.prepareTestInstance(ServletTestExecutionListener.java:130)
	at org.springframework.test.context.TestContextManager.prepareTestInstance(TestContextManager.java:241)
	at org.springframework.test.context.junit.jupiter.SpringExtension.postProcessTestInstance(SpringExtension.java:138)
	at org.junit.jupiter.engine.descriptor.ClassBasedTestDescriptor.lambda$invokeTestInstancePostProcessors$10(ClassBasedTestDescriptor.java:377)
	at org.junit.jupiter.engine.descriptor.ClassBasedTestDescriptor.executeAndMaskThrowable(ClassBasedTestDescriptor.java:382)
	at org.junit.jupiter.engine.descriptor.ClassBasedTestDescriptor.lambda$invokeTestInstancePostProcessors$11(ClassBasedTestDescriptor.java:377)
	at java.base/java.util.stream.ReferencePipeline$3$1.accept(ReferencePipeline.java:197)
	at java.base/java.util.stream.ReferencePipeline$2$1.accept(ReferencePipeline.java:179)
	at java.base/java.util.ArrayList$ArrayListSpliterator.forEachRemaining(ArrayList.java:1625)
	at java.base/java.util.stream.AbstractPipeline.copyInto(AbstractPipeline.java:509)
	at java.base/java.util.stream.AbstractPipeline.wrapAndCopyInto(AbstractPipeline.java:499)
	at java.base/java.util.stream.StreamSpliterators$WrappingSpliterator.forEachRemaining(StreamSpliterators.java:310)
	at java.base/java.util.stream.Streams$ConcatSpliterator.forEachRemaining(Streams.java:735)
	at java.base/java.util.stream.Streams$ConcatSpliterator.forEachRemaining(Streams.java:734)
	at java.base/java.util.stream.ReferencePipeline$Head.forEach(ReferencePipeline.java:762)
	at org.junit.jupiter.engine.descriptor.ClassBasedTestDescriptor.invokeTestInstancePostProcessors(ClassBasedTestDescriptor.java:376)
	at org.junit.jupiter.engine.descriptor.ClassBasedTestDescriptor.lambda$instantiateAndPostProcessTestInstance$6(ClassBasedTestDescriptor.java:289)
	at org.junit.platform.engine.support.hierarchical.ThrowableCollector.execute(ThrowableCollector.java:73)
	at org.junit.jupiter.engine.descriptor.ClassBasedTestDescriptor.instantiateAndPostProcessTestInstance(ClassBasedTestDescriptor.java:288)
	at org.junit.jupiter.engine.descriptor.ClassBasedTestDescriptor.lambda$testInstancesProvider$4(ClassBasedTestDescriptor.java:278)
	at java.base/java.util.Optional.orElseGet(Optional.java:364)
	at org.junit.jupiter.engine.descriptor.ClassBasedTestDescriptor.lambda$testInstancesProvider$5(ClassBasedTestDescriptor.java:277)
	at org.junit.jupiter.engine.execution.TestInstancesProvider.getTestInstances(TestInstancesProvider.java:31)
	at org.junit.jupiter.engine.descriptor.TestMethodTestDescriptor.lambda$prepare$0(TestMethodTestDescriptor.java:105)
	at org.junit.platform.engine.support.hierarchical.ThrowableCollector.execute(ThrowableCollector.java:73)
	at org.junit.jupiter.engine.descriptor.TestMethodTestDescriptor.prepare(TestMethodTestDescriptor.java:104)
	at org.junit.jupiter.engine.descriptor.TestMethodTestDescriptor.prepare(TestMethodTestDescriptor.java:68)
	at org.junit.platform.engine.support.hierarchical.NodeTestTask.lambda$prepare$2(NodeTestTask.java:123)
	at org.junit.platform.engine.support.hierarchical.ThrowableCollector.execute(ThrowableCollector.java:73)
	at org.junit.platform.engine.support.hierarchical.NodeTestTask.prepare(NodeTestTask.java:123)
	at org.junit.platform.engine.support.hierarchical.NodeTestTask.execute(NodeTestTask.java:90)
	at java.base/java.util.ArrayList.forEach(ArrayList.java:1511)
	at org.junit.platform.engine.support.hierarchical.SameThreadHierarchicalTestExecutorService.invokeAll(SameThreadHierarchicalTestExecutorService.java:41)
	at org.junit.platform.engine.support.hierarchical.NodeTestTask.lambda$executeRecursively$6(NodeTestTask.java:155)
	at org.junit.platform.engine.support.hierarchical.ThrowableCollector.execute(ThrowableCollector.java:73)
	at org.junit.platform.engine.support.hierarchical.NodeTestTask.lambda$executeRecursively$8(NodeTestTask.java:141)
	at org.junit.platform.engine.support.hierarchical.Node.around(Node.java:137)
	at org.junit.platform.engine.support.hierarchical.NodeTestTask.lambda$executeRecursively$9(NodeTestTask.java:139)
	at org.junit.platform.engine.support.hierarchical.ThrowableCollector.execute(ThrowableCollector.java:73)
	at org.junit.platform.engine.support.hierarchical.NodeTestTask.executeRecursively(NodeTestTask.java:138)
	at org.junit.platform.engine.support.hierarchical.NodeTestTask.execute(NodeTestTask.java:95)
	at java.base/java.util.ArrayList.forEach(ArrayList.java:1511)
	at org.junit.platform.engine.support.hierarchical.SameThreadHierarchicalTestExecutorService.invokeAll(SameThreadHierarchicalTestExecutorService.java:41)
	at org.junit.platform.engine.support.hierarchical.NodeTestTask.lambda$executeRecursively$6(NodeTestTask.java:155)
	at org.junit.platform.engine.support.hierarchical.ThrowableCollector.execute(ThrowableCollector.java:73)
	at org.junit.platform.engine.support.hierarchical.NodeTestTask.lambda$executeRecursively$8(NodeTestTask.java:141)
	at org.junit.platform.engine.support.hierarchical.Node.around(Node.java:137)
	at org.junit.platform.engine.support.hierarchical.NodeTestTask.lambda$executeRecursively$9(NodeTestTask.java:139)
	at org.junit.platform.engine.support.hierarchical.ThrowableCollector.execute(ThrowableCollector.java:73)
	at org.junit.platform.engine.support.hierarchical.NodeTestTask.executeRecursively(NodeTestTask.java:138)
	at org.junit.platform.engine.support.hierarchical.NodeTestTask.execute(NodeTestTask.java:95)
	at org.junit.platform.engine.support.hierarchical.SameThreadHierarchicalTestExecutorService.submit(SameThreadHierarchicalTestExecutorService.java:35)
	at org.junit.platform.engine.support.hierarchical.HierarchicalTestExecutor.execute(HierarchicalTestExecutor.java:57)
	at org.junit.platform.engine.support.hierarchical.HierarchicalTestEngine.execute(HierarchicalTestEngine.java:54)
	at org.junit.platform.launcher.core.EngineExecutionOrchestrator.execute(EngineExecutionOrchestrator.java:147)
	at org.junit.platform.launcher.core.EngineExecutionOrchestrator.execute(EngineExecutionOrchestrator.java:127)
	at org.junit.platform.launcher.core.EngineExecutionOrchestrator.execute(EngineExecutionOrchestrator.java:90)
	at org.junit.platform.launcher.core.EngineExecutionOrchestrator.lambda$execute$0(EngineExecutionOrchestrator.java:55)
	at org.junit.platform.launcher.core.EngineExecutionOrchestrator.withInterceptedStreams(EngineExecutionOrchestrator.java:102)
	at org.junit.platform.launcher.core.EngineExecutionOrchestrator.execute(EngineExecutionOrchestrator.java:54)
	at org.junit.platform.launcher.core.DefaultLauncher.execute(DefaultLauncher.java:114)
	at org.junit.platform.launcher.core.DefaultLauncher.execute(DefaultLauncher.java:86)
	at org.junit.platform.launcher.core.DefaultLauncherSession$DelegatingLauncher.execute(DefaultLauncherSession.java:86)
	at org.junit.platform.launcher.core.SessionPerRequestLauncher.execute(SessionPerRequestLauncher.java:53)
	at com.intellij.junit5.JUnit5IdeaTestRunner.startRunnerWithArgs(JUnit5IdeaTestRunner.java:57)
	at com.intellij.rt.junit.IdeaTestRunner$Repeater$1.execute(IdeaTestRunner.java:38)
	at com.intellij.rt.execution.junit.TestsRepeater.repeat(TestsRepeater.java:11)
	at com.intellij.rt.junit.IdeaTestRunner$Repeater.startRunnerWithArgs(IdeaTestRunner.java:35)
	at com.intellij.rt.junit.JUnitStarter.prepareStreamsAndStart(JUnitStarter.java:232)
	at com.intellij.rt.junit.JUnitStarter.main(JUnitStarter.java:55)
Caused by: liquibase.exception.LiquibaseException: liquibase.exception.MigrationFailedException: Migration failed for changeset liquibase/changelog.xml::createTodoTable::ArmManukyan:
     Reason: liquibase.exception.DatabaseException: Синтаксическая ошибка в выражении SQL "CREATE TABLE PUBLIC.todo (id INT GENERATED BY DEFAULT AS IDENTITY NOT NULL, title VARCHAR(255) NOT NULL, status ENUM('NOT_STARTED', ' IN_PROGRESS', 'DONE'), category_id INT NOT NULL, user_id INT NOT NULL, CONSTRAINT PK_TODO PRIMARY KEY (id), CONSTRAINT fk_todo_category FOREIGN KEY (category_id) REFERENCES PUBLIC.category(id) ON DELETE CASCADE, CONSTRAINT fk_todo_user FOREIGN KEY (user_id) REFERENCES PUBLIC.[*]user(id) ON DELETE CASCADE)"; ожидалось "identifier"
Syntax error in SQL statement "CREATE TABLE PUBLIC.todo (id INT GENERATED BY DEFAULT AS IDENTITY NOT NULL, title VARCHAR(255) NOT NULL, status ENUM('NOT_STARTED', ' IN_PROGRESS', 'DONE'), category_id INT NOT NULL, user_id INT NOT NULL, CONSTRAINT PK_TODO PRIMARY KEY (id), CONSTRAINT fk_todo_category FOREIGN KEY (category_id) REFERENCES PUBLIC.category(id) ON DELETE CASCADE, CONSTRAINT fk_todo_user FOREIGN KEY (user_id) REFERENCES PUBLIC.[*]user(id) ON DELETE CASCADE)"; expected "identifier"; SQL statement:
CREATE TABLE PUBLIC.todo (id INT GENERATED BY DEFAULT AS IDENTITY NOT NULL, title VARCHAR(255) NOT NULL, status ENUM('NOT_STARTED', ' IN_PROGRESS', 'DONE'), category_id INT NOT NULL, user_id INT NOT NULL, CONSTRAINT PK_TODO PRIMARY KEY (id), CONSTRAINT fk_todo_category FOREIGN KEY (category_id) REFERENCES PUBLIC.category(id) ON DELETE CASCADE, CONSTRAINT fk_todo_user FOREIGN KEY (user_id) REFERENCES PUBLIC.user(id) ON DELETE CASCADE) [42001-220] [Failed SQL: (42001) CREATE TABLE PUBLIC.todo (id INT GENERATED BY DEFAULT AS IDENTITY NOT NULL, title VARCHAR(255) NOT NULL, status ENUM('NOT_STARTED', ' IN_PROGRESS', 'DONE'), category_id INT NOT NULL, user_id INT NOT NULL, CONSTRAINT PK_TODO PRIMARY KEY (id), CONSTRAINT fk_todo_category FOREIGN KEY (category_id) REFERENCES PUBLIC.category(id) ON DELETE CASCADE, CONSTRAINT fk_todo_user FOREIGN KEY (user_id) REFERENCES PUBLIC.user(id) ON DELETE CASCADE)]
	at liquibase.changelog.ChangeLogIterator.run(ChangeLogIterator.java:136)
	at liquibase.Liquibase.lambda$null$0(Liquibase.java:297)
	at liquibase.Scope.lambda$child$0(Scope.java:187)
	at liquibase.Scope.child(Scope.java:196)
	at liquibase.Scope.child(Scope.java:186)
	at liquibase.Scope.child(Scope.java:165)
	at liquibase.Scope.child(Scope.java:256)
	at liquibase.Liquibase.lambda$update$1(Liquibase.java:295)
	at liquibase.Scope.lambda$child$0(Scope.java:187)
	at liquibase.Scope.child(Scope.java:196)
	at liquibase.Scope.child(Scope.java:186)
	at liquibase.Scope.child(Scope.java:165)
	at liquibase.Liquibase.runInScope(Liquibase.java:2639)
	at liquibase.Liquibase.update(Liquibase.java:236)
	at liquibase.Liquibase.update(Liquibase.java:221)
	at liquibase.integration.spring.SpringLiquibase.performUpdate(SpringLiquibase.java:329)
	at liquibase.integration.spring.SpringLiquibase.afterPropertiesSet(SpringLiquibase.java:284)
	at org.springframework.beans.factory.support.AbstractAutowireCapableBeanFactory.invokeInitMethods(AbstractAutowireCapableBeanFactory.java:1816)
	at org.springframework.beans.factory.support.AbstractAutowireCapableBeanFactory.initializeBean(AbstractAutowireCapableBeanFactory.java:1766)
	... 95 common frames omitted
Caused by: liquibase.exception.MigrationFailedException: Migration failed for changeset liquibase/changelog.xml::createTodoTable::ArmManukyan:
     Reason: liquibase.exception.DatabaseException: Синтаксическая ошибка в выражении SQL "CREATE TABLE PUBLIC.todo (id INT GENERATED BY DEFAULT AS IDENTITY NOT NULL, title VARCHAR(255) NOT NULL, status ENUM('NOT_STARTED', ' IN_PROGRESS', 'DONE'), category_id INT NOT NULL, user_id INT NOT NULL, CONSTRAINT PK_TODO PRIMARY KEY (id), CONSTRAINT fk_todo_category FOREIGN KEY (category_id) REFERENCES PUBLIC.category(id) ON DELETE CASCADE, CONSTRAINT fk_todo_user FOREIGN KEY (user_id) REFERENCES PUBLIC.[*]user(id) ON DELETE CASCADE)"; ожидалось "identifier"
Syntax error in SQL statement "CREATE TABLE PUBLIC.todo (id INT GENERATED BY DEFAULT AS IDENTITY NOT NULL, title VARCHAR(255) NOT NULL, status ENUM('NOT_STARTED', ' IN_PROGRESS', 'DONE'), category_id INT NOT NULL, user_id INT NOT NULL, CONSTRAINT PK_TODO PRIMARY KEY (id), CONSTRAINT fk_todo_category FOREIGN KEY (category_id) REFERENCES PUBLIC.category(id) ON DELETE CASCADE, CONSTRAINT fk_todo_user FOREIGN KEY (user_id) REFERENCES PUBLIC.[*]user(id) ON DELETE CASCADE)"; expected "identifier"; SQL statement:
CREATE TABLE PUBLIC.todo (id INT GENERATED BY DEFAULT AS IDENTITY NOT NULL, title VARCHAR(255) NOT NULL, status ENUM('NOT_STARTED', ' IN_PROGRESS', 'DONE'), category_id INT NOT NULL, user_id INT NOT NULL, CONSTRAINT PK_TODO PRIMARY KEY (id), CONSTRAINT fk_todo_category FOREIGN KEY (category_id) REFERENCES PUBLIC.category(id) ON DELETE CASCADE, CONSTRAINT fk_todo_user FOREIGN KEY (user_id) REFERENCES PUBLIC.user(id) ON DELETE CASCADE) [42001-220] [Failed SQL: (42001) CREATE TABLE PUBLIC.todo (id INT GENERATED BY DEFAULT AS IDENTITY NOT NULL, title VARCHAR(255) NOT NULL, status ENUM('NOT_STARTED', ' IN_PROGRESS', 'DONE'), category_id INT NOT NULL, user_id INT NOT NULL, CONSTRAINT PK_TODO PRIMARY KEY (id), CONSTRAINT fk_todo_category FOREIGN KEY (category_id) REFERENCES PUBLIC.category(id) ON DELETE CASCADE, CONSTRAINT fk_todo_user FOREIGN KEY (user_id) REFERENCES PUBLIC.user(id) ON DELETE CASCADE)]
	at liquibase.changelog.ChangeSet.execute(ChangeSet.java:744)
	at liquibase.changelog.visitor.UpdateVisitor.visit(UpdateVisitor.java:59)
	at liquibase.changelog.ChangeLogIterator$2.lambda$null$0(ChangeLogIterator.java:124)
	at liquibase.Scope.lambda$child$0(Scope.java:187)
	at liquibase.Scope.child(Scope.java:196)
	at liquibase.Scope.child(Scope.java:186)
	at liquibase.Scope.child(Scope.java:165)
	at liquibase.changelog.ChangeLogIterator$2.lambda$run$1(ChangeLogIterator.java:124)
	at liquibase.Scope.lambda$child$0(Scope.java:187)
	at liquibase.Scope.child(Scope.java:196)
	at liquibase.Scope.child(Scope.java:186)
	at liquibase.Scope.child(Scope.java:165)
	at liquibase.Scope.child(Scope.java:256)
	at liquibase.changelog.ChangeLogIterator$2.run(ChangeLogIterator.java:105)
	at liquibase.Scope.lambda$child$0(Scope.java:187)
	at liquibase.Scope.child(Scope.java:196)
	at liquibase.Scope.child(Scope.java:186)
	at liquibase.Scope.child(Scope.java:165)
	at liquibase.Scope.child(Scope.java:256)
	at liquibase.Scope.child(Scope.java:260)
	at liquibase.changelog.ChangeLogIterator.run(ChangeLogIterator.java:75)
	... 113 common frames omitted
Caused by: liquibase.exception.DatabaseException: Синтаксическая ошибка в выражении SQL "CREATE TABLE PUBLIC.todo (id INT GENERATED BY DEFAULT AS IDENTITY NOT NULL, title VARCHAR(255) NOT NULL, status ENUM('NOT_STARTED', ' IN_PROGRESS', 'DONE'), category_id INT NOT NULL, user_id INT NOT NULL, CONSTRAINT PK_TODO PRIMARY KEY (id), CONSTRAINT fk_todo_category FOREIGN KEY (category_id) REFERENCES PUBLIC.category(id) ON DELETE CASCADE, CONSTRAINT fk_todo_user FOREIGN KEY (user_id) REFERENCES PUBLIC.[*]user(id) ON DELETE CASCADE)"; ожидалось "identifier"
Syntax error in SQL statement "CREATE TABLE PUBLIC.todo (id INT GENERATED BY DEFAULT AS IDENTITY NOT NULL, title VARCHAR(255) NOT NULL, status ENUM('NOT_STARTED', ' IN_PROGRESS', 'DONE'), category_id INT NOT NULL, user_id INT NOT NULL, CONSTRAINT PK_TODO PRIMARY KEY (id), CONSTRAINT fk_todo_category FOREIGN KEY (category_id) REFERENCES PUBLIC.category(id) ON DELETE CASCADE, CONSTRAINT fk_todo_user FOREIGN KEY (user_id) REFERENCES PUBLIC.[*]user(id) ON DELETE CASCADE)"; expected "identifier"; SQL statement:
CREATE TABLE PUBLIC.todo (id INT GENERATED BY DEFAULT AS IDENTITY NOT NULL, title VARCHAR(255) NOT NULL, status ENUM('NOT_STARTED', ' IN_PROGRESS', 'DONE'), category_id INT NOT NULL, user_id INT NOT NULL, CONSTRAINT PK_TODO PRIMARY KEY (id), CONSTRAINT fk_todo_category FOREIGN KEY (category_id) REFERENCES PUBLIC.category(id) ON DELETE CASCADE, CONSTRAINT fk_todo_user FOREIGN KEY (user_id) REFERENCES PUBLIC.user(id) ON DELETE CASCADE) [42001-220] [Failed SQL: (42001) CREATE TABLE PUBLIC.todo (id INT GENERATED BY DEFAULT AS IDENTITY NOT NULL, title VARCHAR(255) NOT NULL, status ENUM('NOT_STARTED', ' IN_PROGRESS', 'DONE'), category_id INT NOT NULL, user_id INT NOT NULL, CONSTRAINT PK_TODO PRIMARY KEY (id), CONSTRAINT fk_todo_category FOREIGN KEY (category_id) REFERENCES PUBLIC.category(id) ON DELETE CASCADE, CONSTRAINT fk_todo_user FOREIGN KEY (user_id) REFERENCES PUBLIC.user(id) ON DELETE CASCADE)]
	at liquibase.executor.jvm.JdbcExecutor$ExecuteStatementCallback.doInStatement(JdbcExecutor.java:445)
	at liquibase.executor.jvm.JdbcExecutor.execute(JdbcExecutor.java:77)
	at liquibase.executor.jvm.JdbcExecutor.execute(JdbcExecutor.java:160)
	at liquibase.database.AbstractJdbcDatabase.execute(AbstractJdbcDatabase.java:1270)
	at liquibase.database.AbstractJdbcDatabase.executeStatements(AbstractJdbcDatabase.java:1252)
	at liquibase.changelog.ChangeSet.execute(ChangeSet.java:702)
	... 133 common frames omitted
Caused by: org.h2.jdbc.JdbcSQLSyntaxErrorException: Синтаксическая ошибка в выражении SQL "CREATE TABLE PUBLIC.todo (id INT GENERATED BY DEFAULT AS IDENTITY NOT NULL, title VARCHAR(255) NOT NULL, status ENUM('NOT_STARTED', ' IN_PROGRESS', 'DONE'), category_id INT NOT NULL, user_id INT NOT NULL, CONSTRAINT PK_TODO PRIMARY KEY (id), CONSTRAINT fk_todo_category FOREIGN KEY (category_id) REFERENCES PUBLIC.category(id) ON DELETE CASCADE, CONSTRAINT fk_todo_user FOREIGN KEY (user_id) REFERENCES PUBLIC.[*]user(id) ON DELETE CASCADE)"; ожидалось "identifier"
Syntax error in SQL statement "CREATE TABLE PUBLIC.todo (id INT GENERATED BY DEFAULT AS IDENTITY NOT NULL, title VARCHAR(255) NOT NULL, status ENUM('NOT_STARTED', ' IN_PROGRESS', 'DONE'), category_id INT NOT NULL, user_id INT NOT NULL, CONSTRAINT PK_TODO PRIMARY KEY (id), CONSTRAINT fk_todo_category FOREIGN KEY (category_id) REFERENCES PUBLIC.category(id) ON DELETE CASCADE, CONSTRAINT fk_todo_user FOREIGN KEY (user_id) REFERENCES PUBLIC.[*]user(id) ON DELETE CASCADE)"; expected "identifier"; SQL statement:
CREATE TABLE PUBLIC.todo (id INT GENERATED BY DEFAULT AS IDENTITY NOT NULL, title VARCHAR(255) NOT NULL, status ENUM('NOT_STARTED', ' IN_PROGRESS', 'DONE'), category_id INT NOT NULL, user_id INT NOT NULL, CONSTRAINT PK_TODO PRIMARY KEY (id), CONSTRAINT fk_todo_category FOREIGN KEY (category_id) REFERENCES PUBLIC.category(id) ON DELETE CASCADE, CONSTRAINT fk_todo_user FOREIGN KEY (user_id) REFERENCES PUBLIC.user(id) ON DELETE CASCADE) [42001-220]
	at org.h2.message.DbException.getJdbcSQLException(DbException.java:514)
	at org.h2.message.DbException.getJdbcSQLException(DbException.java:489)
	at org.h2.message.DbException.getSyntaxError(DbException.java:261)
	at org.h2.command.Parser.readIdentifier(Parser.java:5764)
	at org.h2.command.Parser.readIdentifierWithSchema2(Parser.java:5740)
	at org.h2.command.Parser.readIdentifierWithSchema(Parser.java:5727)
	at org.h2.command.Parser.parseReferences(Parser.java:9346)
	at org.h2.command.Parser.parseTableConstraintIf(Parser.java:9280)
	at org.h2.command.Parser.parseTableColumnDefinition(Parser.java:9486)
	at org.h2.command.Parser.parseCreateTable(Parser.java:9436)
	at org.h2.command.Parser.parseCreate(Parser.java:6905)
	at org.h2.command.Parser.parsePrepared(Parser.java:771)
	at org.h2.command.Parser.parse(Parser.java:697)
	at org.h2.command.Parser.parse(Parser.java:669)
	at org.h2.command.Parser.prepareCommand(Parser.java:577)
	at org.h2.engine.SessionLocal.prepareLocal(SessionLocal.java:634)
	at org.h2.engine.SessionLocal.prepareCommand(SessionLocal.java:557)
	at org.h2.jdbc.JdbcConnection.prepareCommand(JdbcConnection.java:1116)
	at org.h2.jdbc.JdbcStatement.executeInternal(JdbcStatement.java:237)
	at org.h2.jdbc.JdbcStatement.execute(JdbcStatement.java:223)
	at com.zaxxer.hikari.pool.ProxyStatement.execute(ProxyStatement.java:94)
	at com.zaxxer.hikari.pool.HikariProxyStatement.execute(HikariProxyStatement.java)
	at liquibase.executor.jvm.JdbcExecutor$ExecuteStatementCallback.doInStatement(JdbcExecutor.java:441)
	... 138 common frames omitted
2023-12-07 12:47:08,679 ERROR o.s.t.c.TestContextManager [main] Caught exception while allowing TestExecutionListener [org.springframework.test.context.web.ServletTestExecutionListener] to prepare test instance [com.example.todorest.TodoRestApplicationTests@2bc0b8c8]
java.lang.IllegalStateException: Failed to load ApplicationContext for [WebMergedContextConfiguration@13c90c06 testClass = com.example.todorest.TodoRestApplicationTests, locations = [], classes = [com.example.todorest.TodoRestApplication], contextInitializerClasses = [], activeProfiles = [], propertySourceLocations = [], propertySourceProperties = ["org.springframework.boot.test.context.SpringBootTestContextBootstrapper=true"], contextCustomizers = [org.springframework.boot.test.context.filter.ExcludeFilterContextCustomizer@1e097d59, org.springframework.boot.test.json.DuplicateJsonObjectContextCustomizerFactory$DuplicateJsonObjectContextCustomizer@54e7df6a, org.springframework.boot.test.mock.mockito.MockitoContextCustomizer@0, org.springframework.boot.test.web.client.TestRestTemplateContextCustomizer@41e68d87, org.springframework.boot.test.autoconfigure.actuate.observability.ObservabilityContextCustomizerFactory$DisableObservabilityContextCustomizer@1f, org.springframework.boot.test.autoconfigure.properties.PropertyMappingContextCustomizer@0, org.springframework.boot.test.autoconfigure.web.servlet.WebDriverContextCustomizerFactory$Customizer@6b88ca8c, org.springframework.boot.test.context.SpringBootTestAnnotation@16006833], resourceBasePath = "src/main/webapp", contextLoader = org.springframework.boot.test.context.SpringBootContextLoader, parent = null]
	at org.springframework.test.context.cache.DefaultCacheAwareContextLoaderDelegate.loadContext(DefaultCacheAwareContextLoaderDelegate.java:142)
	at org.springframework.test.context.support.DefaultTestContext.getApplicationContext(DefaultTestContext.java:127)
	at org.springframework.test.context.web.ServletTestExecutionListener.setUpRequestContextIfNecessary(ServletTestExecutionListener.java:191)
	at org.springframework.test.context.web.ServletTestExecutionListener.prepareTestInstance(ServletTestExecutionListener.java:130)
	at org.springframework.test.context.TestContextManager.prepareTestInstance(TestContextManager.java:241)
	at org.springframework.test.context.junit.jupiter.SpringExtension.postProcessTestInstance(SpringExtension.java:138)
	at org.junit.jupiter.engine.descriptor.ClassBasedTestDescriptor.lambda$invokeTestInstancePostProcessors$10(ClassBasedTestDescriptor.java:377)
	at org.junit.jupiter.engine.descriptor.ClassBasedTestDescriptor.executeAndMaskThrowable(ClassBasedTestDescriptor.java:382)
	at org.junit.jupiter.engine.descriptor.ClassBasedTestDescriptor.lambda$invokeTestInstancePostProcessors$11(ClassBasedTestDescriptor.java:377)
	at java.base/java.util.stream.ReferencePipeline$3$1.accept(ReferencePipeline.java:197)
	at java.base/java.util.stream.ReferencePipeline$2$1.accept(ReferencePipeline.java:179)
	at java.base/java.util.ArrayList$ArrayListSpliterator.forEachRemaining(ArrayList.java:1625)
	at java.base/java.util.stream.AbstractPipeline.copyInto(AbstractPipeline.java:509)
	at java.base/java.util.stream.AbstractPipeline.wrapAndCopyInto(AbstractPipeline.java:499)
	at java.base/java.util.stream.StreamSpliterators$WrappingSpliterator.forEachRemaining(StreamSpliterators.java:310)
	at java.base/java.util.stream.Streams$ConcatSpliterator.forEachRemaining(Streams.java:735)
	at java.base/java.util.stream.Streams$ConcatSpliterator.forEachRemaining(Streams.java:734)
	at java.base/java.util.stream.ReferencePipeline$Head.forEach(ReferencePipeline.java:762)
	at org.junit.jupiter.engine.descriptor.ClassBasedTestDescriptor.invokeTestInstancePostProcessors(ClassBasedTestDescriptor.java:376)
	at org.junit.jupiter.engine.descriptor.ClassBasedTestDescriptor.lambda$instantiateAndPostProcessTestInstance$6(ClassBasedTestDescriptor.java:289)
	at org.junit.platform.engine.support.hierarchical.ThrowableCollector.execute(ThrowableCollector.java:73)
	at org.junit.jupiter.engine.descriptor.ClassBasedTestDescriptor.instantiateAndPostProcessTestInstance(ClassBasedTestDescriptor.java:288)
	at org.junit.jupiter.engine.descriptor.ClassBasedTestDescriptor.lambda$testInstancesProvider$4(ClassBasedTestDescriptor.java:278)
	at java.base/java.util.Optional.orElseGet(Optional.java:364)
	at org.junit.jupiter.engine.descriptor.ClassBasedTestDescriptor.lambda$testInstancesProvider$5(ClassBasedTestDescriptor.java:277)
	at org.junit.jupiter.engine.execution.TestInstancesProvider.getTestInstances(TestInstancesProvider.java:31)
	at org.junit.jupiter.engine.descriptor.TestMethodTestDescriptor.lambda$prepare$0(TestMethodTestDescriptor.java:105)
	at org.junit.platform.engine.support.hierarchical.ThrowableCollector.execute(ThrowableCollector.java:73)
	at org.junit.jupiter.engine.descriptor.TestMethodTestDescriptor.prepare(TestMethodTestDescriptor.java:104)
	at org.junit.jupiter.engine.descriptor.TestMethodTestDescriptor.prepare(TestMethodTestDescriptor.java:68)
	at org.junit.platform.engine.support.hierarchical.NodeTestTask.lambda$prepare$2(NodeTestTask.java:123)
	at org.junit.platform.engine.support.hierarchical.ThrowableCollector.execute(ThrowableCollector.java:73)
	at org.junit.platform.engine.support.hierarchical.NodeTestTask.prepare(NodeTestTask.java:123)
	at org.junit.platform.engine.support.hierarchical.NodeTestTask.execute(NodeTestTask.java:90)
	at java.base/java.util.ArrayList.forEach(ArrayList.java:1511)
	at org.junit.platform.engine.support.hierarchical.SameThreadHierarchicalTestExecutorService.invokeAll(SameThreadHierarchicalTestExecutorService.java:41)
	at org.junit.platform.engine.support.hierarchical.NodeTestTask.lambda$executeRecursively$6(NodeTestTask.java:155)
	at org.junit.platform.engine.support.hierarchical.ThrowableCollector.execute(ThrowableCollector.java:73)
	at org.junit.platform.engine.support.hierarchical.NodeTestTask.lambda$executeRecursively$8(NodeTestTask.java:141)
	at org.junit.platform.engine.support.hierarchical.Node.around(Node.java:137)
	at org.junit.platform.engine.support.hierarchical.NodeTestTask.lambda$executeRecursively$9(NodeTestTask.java:139)
	at org.junit.platform.engine.support.hierarchical.ThrowableCollector.execute(ThrowableCollector.java:73)
	at org.junit.platform.engine.support.hierarchical.NodeTestTask.executeRecursively(NodeTestTask.java:138)
	at org.junit.platform.engine.support.hierarchical.NodeTestTask.execute(NodeTestTask.java:95)
	at java.base/java.util.ArrayList.forEach(ArrayList.java:1511)
	at org.junit.platform.engine.support.hierarchical.SameThreadHierarchicalTestExecutorService.invokeAll(SameThreadHierarchicalTestExecutorService.java:41)
	at org.junit.platform.engine.support.hierarchical.NodeTestTask.lambda$executeRecursively$6(NodeTestTask.java:155)
	at org.junit.platform.engine.support.hierarchical.ThrowableCollector.execute(ThrowableCollector.java:73)
	at org.junit.platform.engine.support.hierarchical.NodeTestTask.lambda$executeRecursively$8(NodeTestTask.java:141)
	at org.junit.platform.engine.support.hierarchical.Node.around(Node.java:137)
	at org.junit.platform.engine.support.hierarchical.NodeTestTask.lambda$executeRecursively$9(NodeTestTask.java:139)
	at org.junit.platform.engine.support.hierarchical.ThrowableCollector.execute(ThrowableCollector.java:73)
	at org.junit.platform.engine.support.hierarchical.NodeTestTask.executeRecursively(NodeTestTask.java:138)
	at org.junit.platform.engine.support.hierarchical.NodeTestTask.execute(NodeTestTask.java:95)
	at org.junit.platform.engine.support.hierarchical.SameThreadHierarchicalTestExecutorService.submit(SameThreadHierarchicalTestExecutorService.java:35)
	at org.junit.platform.engine.support.hierarchical.HierarchicalTestExecutor.execute(HierarchicalTestExecutor.java:57)
	at org.junit.platform.engine.support.hierarchical.HierarchicalTestEngine.execute(HierarchicalTestEngine.java:54)
	at org.junit.platform.launcher.core.EngineExecutionOrchestrator.execute(EngineExecutionOrchestrator.java:147)
	at org.junit.platform.launcher.core.EngineExecutionOrchestrator.execute(EngineExecutionOrchestrator.java:127)
	at org.junit.platform.launcher.core.EngineExecutionOrchestrator.execute(EngineExecutionOrchestrator.java:90)
	at org.junit.platform.launcher.core.EngineExecutionOrchestrator.lambda$execute$0(EngineExecutionOrchestrator.java:55)
	at org.junit.platform.launcher.core.EngineExecutionOrchestrator.withInterceptedStreams(EngineExecutionOrchestrator.java:102)
	at org.junit.platform.launcher.core.EngineExecutionOrchestrator.execute(EngineExecutionOrchestrator.java:54)
	at org.junit.platform.launcher.core.DefaultLauncher.execute(DefaultLauncher.java:114)
	at org.junit.platform.launcher.core.DefaultLauncher.execute(DefaultLauncher.java:86)
	at org.junit.platform.launcher.core.DefaultLauncherSession$DelegatingLauncher.execute(DefaultLauncherSession.java:86)
	at org.junit.platform.launcher.core.SessionPerRequestLauncher.execute(SessionPerRequestLauncher.java:53)
	at com.intellij.junit5.JUnit5IdeaTestRunner.startRunnerWithArgs(JUnit5IdeaTestRunner.java:57)
	at com.intellij.rt.junit.IdeaTestRunner$Repeater$1.execute(IdeaTestRunner.java:38)
	at com.intellij.rt.execution.junit.TestsRepeater.repeat(TestsRepeater.java:11)
	at com.intellij.rt.junit.IdeaTestRunner$Repeater.startRunnerWithArgs(IdeaTestRunner.java:35)
	at com.intellij.rt.junit.JUnitStarter.prepareStreamsAndStart(JUnitStarter.java:232)
	at com.intellij.rt.junit.JUnitStarter.main(JUnitStarter.java:55)
Caused by: org.springframework.beans.factory.BeanCreationException: Error creating bean with name 'liquibase' defined in class path resource [org/springframework/boot/autoconfigure/liquibase/LiquibaseAutoConfiguration$LiquibaseConfiguration.class]: liquibase.exception.MigrationFailedException: Migration failed for changeset liquibase/changelog.xml::createTodoTable::ArmManukyan:
     Reason: liquibase.exception.DatabaseException: Синтаксическая ошибка в выражении SQL "CREATE TABLE PUBLIC.todo (id INT GENERATED BY DEFAULT AS IDENTITY NOT NULL, title VARCHAR(255) NOT NULL, status ENUM('NOT_STARTED', ' IN_PROGRESS', 'DONE'), category_id INT NOT NULL, user_id INT NOT NULL, CONSTRAINT PK_TODO PRIMARY KEY (id), CONSTRAINT fk_todo_category FOREIGN KEY (category_id) REFERENCES PUBLIC.category(id) ON DELETE CASCADE, CONSTRAINT fk_todo_user FOREIGN KEY (user_id) REFERENCES PUBLIC.[*]user(id) ON DELETE CASCADE)"; ожидалось "identifier"
Syntax error in SQL statement "CREATE TABLE PUBLIC.todo (id INT GENERATED BY DEFAULT AS IDENTITY NOT NULL, title VARCHAR(255) NOT NULL, status ENUM('NOT_STARTED', ' IN_PROGRESS', 'DONE'), category_id INT NOT NULL, user_id INT NOT NULL, CONSTRAINT PK_TODO PRIMARY KEY (id), CONSTRAINT fk_todo_category FOREIGN KEY (category_id) REFERENCES PUBLIC.category(id) ON DELETE CASCADE, CONSTRAINT fk_todo_user FOREIGN KEY (user_id) REFERENCES PUBLIC.[*]user(id) ON DELETE CASCADE)"; expected "identifier"; SQL statement:
CREATE TABLE PUBLIC.todo (id INT GENERATED BY DEFAULT AS IDENTITY NOT NULL, title VARCHAR(255) NOT NULL, status ENUM('NOT_STARTED', ' IN_PROGRESS', 'DONE'), category_id INT NOT NULL, user_id INT NOT NULL, CONSTRAINT PK_TODO PRIMARY KEY (id), CONSTRAINT fk_todo_category FOREIGN KEY (category_id) REFERENCES PUBLIC.category(id) ON DELETE CASCADE, CONSTRAINT fk_todo_user FOREIGN KEY (user_id) REFERENCES PUBLIC.user(id) ON DELETE CASCADE) [42001-220] [Failed SQL: (42001) CREATE TABLE PUBLIC.todo (id INT GENERATED BY DEFAULT AS IDENTITY NOT NULL, title VARCHAR(255) NOT NULL, status ENUM('NOT_STARTED', ' IN_PROGRESS', 'DONE'), category_id INT NOT NULL, user_id INT NOT NULL, CONSTRAINT PK_TODO PRIMARY KEY (id), CONSTRAINT fk_todo_category FOREIGN KEY (category_id) REFERENCES PUBLIC.category(id) ON DELETE CASCADE, CONSTRAINT fk_todo_user FOREIGN KEY (user_id) REFERENCES PUBLIC.user(id) ON DELETE CASCADE)]
	at org.springframework.beans.factory.support.AbstractAutowireCapableBeanFactory.initializeBean(AbstractAutowireCapableBeanFactory.java:1770)
	at org.springframework.beans.factory.support.AbstractAutowireCapableBeanFactory.doCreateBean(AbstractAutowireCapableBeanFactory.java:598)
	at org.springframework.beans.factory.support.AbstractAutowireCapableBeanFactory.createBean(AbstractAutowireCapableBeanFactory.java:520)
	at org.springframework.beans.factory.support.AbstractBeanFactory.lambda$doGetBean$0(AbstractBeanFactory.java:326)
	at org.springframework.beans.factory.support.DefaultSingletonBeanRegistry.getSingleton(DefaultSingletonBeanRegistry.java:234)
	at org.springframework.beans.factory.support.AbstractBeanFactory.doGetBean(AbstractBeanFactory.java:324)
	at org.springframework.beans.factory.support.AbstractBeanFactory.getBean(AbstractBeanFactory.java:200)
	at org.springframework.beans.factory.support.AbstractBeanFactory.doGetBean(AbstractBeanFactory.java:313)
	at org.springframework.beans.factory.support.AbstractBeanFactory.getBean(AbstractBeanFactory.java:200)
	at org.springframework.context.support.AbstractApplicationContext.getBean(AbstractApplicationContext.java:1156)
	at org.springframework.context.support.AbstractApplicationContext.finishBeanFactoryInitialization(AbstractApplicationContext.java:931)
	at org.springframework.context.support.AbstractApplicationContext.refresh(AbstractApplicationContext.java:608)
	at org.springframework.boot.SpringApplication.refresh(SpringApplication.java:733)
	at org.springframework.boot.SpringApplication.refreshContext(SpringApplication.java:435)
	at org.springframework.boot.SpringApplication.run(SpringApplication.java:311)
	at org.springframework.boot.test.context.SpringBootContextLoader.lambda$loadContext$3(SpringBootContextLoader.java:137)
	at org.springframework.util.function.ThrowingSupplier.get(ThrowingSupplier.java:58)
	at org.springframework.util.function.ThrowingSupplier.get(ThrowingSupplier.java:46)
	at org.springframework.boot.SpringApplication.withHook(SpringApplication.java:1405)
	at org.springframework.boot.test.context.SpringBootContextLoader$ContextLoaderHook.run(SpringBootContextLoader.java:545)
	at org.springframework.boot.test.context.SpringBootContextLoader.loadContext(SpringBootContextLoader.java:137)
	at org.springframework.boot.test.context.SpringBootContextLoader.loadContext(SpringBootContextLoader.java:108)
	at org.springframework.test.context.cache.DefaultCacheAwareContextLoaderDelegate.loadContextInternal(DefaultCacheAwareContextLoaderDelegate.java:184)
	at org.springframework.test.context.cache.DefaultCacheAwareContextLoaderDelegate.loadContext(DefaultCacheAwareContextLoaderDelegate.java:118)
	... 72 common frames omitted
Caused by: liquibase.exception.LiquibaseException: liquibase.exception.MigrationFailedException: Migration failed for changeset liquibase/changelog.xml::createTodoTable::ArmManukyan:
     Reason: liquibase.exception.DatabaseException: Синтаксическая ошибка в выражении SQL "CREATE TABLE PUBLIC.todo (id INT GENERATED BY DEFAULT AS IDENTITY NOT NULL, title VARCHAR(255) NOT NULL, status ENUM('NOT_STARTED', ' IN_PROGRESS', 'DONE'), category_id INT NOT NULL, user_id INT NOT NULL, CONSTRAINT PK_TODO PRIMARY KEY (id), CONSTRAINT fk_todo_category FOREIGN KEY (category_id) REFERENCES PUBLIC.category(id) ON DELETE CASCADE, CONSTRAINT fk_todo_user FOREIGN KEY (user_id) REFERENCES PUBLIC.[*]user(id) ON DELETE CASCADE)"; ожидалось "identifier"
Syntax error in SQL statement "CREATE TABLE PUBLIC.todo (id INT GENERATED BY DEFAULT AS IDENTITY NOT NULL, title VARCHAR(255) NOT NULL, status ENUM('NOT_STARTED', ' IN_PROGRESS', 'DONE'), category_id INT NOT NULL, user_id INT NOT NULL, CONSTRAINT PK_TODO PRIMARY KEY (id), CONSTRAINT fk_todo_category FOREIGN KEY (category_id) REFERENCES PUBLIC.category(id) ON DELETE CASCADE, CONSTRAINT fk_todo_user FOREIGN KEY (user_id) REFERENCES PUBLIC.[*]user(id) ON DELETE CASCADE)"; expected "identifier"; SQL statement:
CREATE TABLE PUBLIC.todo (id INT GENERATED BY DEFAULT AS IDENTITY NOT NULL, title VARCHAR(255) NOT NULL, status ENUM('NOT_STARTED', ' IN_PROGRESS', 'DONE'), category_id INT NOT NULL, user_id INT NOT NULL, CONSTRAINT PK_TODO PRIMARY KEY (id), CONSTRAINT fk_todo_category FOREIGN KEY (category_id) REFERENCES PUBLIC.category(id) ON DELETE CASCADE, CONSTRAINT fk_todo_user FOREIGN KEY (user_id) REFERENCES PUBLIC.user(id) ON DELETE CASCADE) [42001-220] [Failed SQL: (42001) CREATE TABLE PUBLIC.todo (id INT GENERATED BY DEFAULT AS IDENTITY NOT NULL, title VARCHAR(255) NOT NULL, status ENUM('NOT_STARTED', ' IN_PROGRESS', 'DONE'), category_id INT NOT NULL, user_id INT NOT NULL, CONSTRAINT PK_TODO PRIMARY KEY (id), CONSTRAINT fk_todo_category FOREIGN KEY (category_id) REFERENCES PUBLIC.category(id) ON DELETE CASCADE, CONSTRAINT fk_todo_user FOREIGN KEY (user_id) REFERENCES PUBLIC.user(id) ON DELETE CASCADE)]
	at liquibase.changelog.ChangeLogIterator.run(ChangeLogIterator.java:136)
	at liquibase.Liquibase.lambda$null$0(Liquibase.java:297)
	at liquibase.Scope.lambda$child$0(Scope.java:187)
	at liquibase.Scope.child(Scope.java:196)
	at liquibase.Scope.child(Scope.java:186)
	at liquibase.Scope.child(Scope.java:165)
	at liquibase.Scope.child(Scope.java:256)
	at liquibase.Liquibase.lambda$update$1(Liquibase.java:295)
	at liquibase.Scope.lambda$child$0(Scope.java:187)
	at liquibase.Scope.child(Scope.java:196)
	at liquibase.Scope.child(Scope.java:186)
	at liquibase.Scope.child(Scope.java:165)
	at liquibase.Liquibase.runInScope(Liquibase.java:2639)
	at liquibase.Liquibase.update(Liquibase.java:236)
	at liquibase.Liquibase.update(Liquibase.java:221)
	at liquibase.integration.spring.SpringLiquibase.performUpdate(SpringLiquibase.java:329)
	at liquibase.integration.spring.SpringLiquibase.afterPropertiesSet(SpringLiquibase.java:284)
	at org.springframework.beans.factory.support.AbstractAutowireCapableBeanFactory.invokeInitMethods(AbstractAutowireCapableBeanFactory.java:1816)
	at org.springframework.beans.factory.support.AbstractAutowireCapableBeanFactory.initializeBean(AbstractAutowireCapableBeanFactory.java:1766)
	... 95 common frames omitted
Caused by: liquibase.exception.MigrationFailedException: Migration failed for changeset liquibase/changelog.xml::createTodoTable::ArmManukyan:
     Reason: liquibase.exception.DatabaseException: Синтаксическая ошибка в выражении SQL "CREATE TABLE PUBLIC.todo (id INT GENERATED BY DEFAULT AS IDENTITY NOT NULL, title VARCHAR(255) NOT NULL, status ENUM('NOT_STARTED', ' IN_PROGRESS', 'DONE'), category_id INT NOT NULL, user_id INT NOT NULL, CONSTRAINT PK_TODO PRIMARY KEY (id), CONSTRAINT fk_todo_category FOREIGN KEY (category_id) REFERENCES PUBLIC.category(id) ON DELETE CASCADE, CONSTRAINT fk_todo_user FOREIGN KEY (user_id) REFERENCES PUBLIC.[*]user(id) ON DELETE CASCADE)"; ожидалось "identifier"
Syntax error in SQL statement "CREATE TABLE PUBLIC.todo (id INT GENERATED BY DEFAULT AS IDENTITY NOT NULL, title VARCHAR(255) NOT NULL, status ENUM('NOT_STARTED', ' IN_PROGRESS', 'DONE'), category_id INT NOT NULL, user_id INT NOT NULL, CONSTRAINT PK_TODO PRIMARY KEY (id), CONSTRAINT fk_todo_category FOREIGN KEY (category_id) REFERENCES PUBLIC.category(id) ON DELETE CASCADE, CONSTRAINT fk_todo_user FOREIGN KEY (user_id) REFERENCES PUBLIC.[*]user(id) ON DELETE CASCADE)"; expected "identifier"; SQL statement:
CREATE TABLE PUBLIC.todo (id INT GENERATED BY DEFAULT AS IDENTITY NOT NULL, title VARCHAR(255) NOT NULL, status ENUM('NOT_STARTED', ' IN_PROGRESS', 'DONE'), category_id INT NOT NULL, user_id INT NOT NULL, CONSTRAINT PK_TODO PRIMARY KEY (id), CONSTRAINT fk_todo_category FOREIGN KEY (category_id) REFERENCES PUBLIC.category(id) ON DELETE CASCADE, CONSTRAINT fk_todo_user FOREIGN KEY (user_id) REFERENCES PUBLIC.user(id) ON DELETE CASCADE) [42001-220] [Failed SQL: (42001) CREATE TABLE PUBLIC.todo (id INT GENERATED BY DEFAULT AS IDENTITY NOT NULL, title VARCHAR(255) NOT NULL, status ENUM('NOT_STARTED', ' IN_PROGRESS', 'DONE'), category_id INT NOT NULL, user_id INT NOT NULL, CONSTRAINT PK_TODO PRIMARY KEY (id), CONSTRAINT fk_todo_category FOREIGN KEY (category_id) REFERENCES PUBLIC.category(id) ON DELETE CASCADE, CONSTRAINT fk_todo_user FOREIGN KEY (user_id) REFERENCES PUBLIC.user(id) ON DELETE CASCADE)]
	at liquibase.changelog.ChangeSet.execute(ChangeSet.java:744)
	at liquibase.changelog.visitor.UpdateVisitor.visit(UpdateVisitor.java:59)
	at liquibase.changelog.ChangeLogIterator$2.lambda$null$0(ChangeLogIterator.java:124)
	at liquibase.Scope.lambda$child$0(Scope.java:187)
	at liquibase.Scope.child(Scope.java:196)
	at liquibase.Scope.child(Scope.java:186)
	at liquibase.Scope.child(Scope.java:165)
	at liquibase.changelog.ChangeLogIterator$2.lambda$run$1(ChangeLogIterator.java:124)
	at liquibase.Scope.lambda$child$0(Scope.java:187)
	at liquibase.Scope.child(Scope.java:196)
	at liquibase.Scope.child(Scope.java:186)
	at liquibase.Scope.child(Scope.java:165)
	at liquibase.Scope.child(Scope.java:256)
	at liquibase.changelog.ChangeLogIterator$2.run(ChangeLogIterator.java:105)
	at liquibase.Scope.lambda$child$0(Scope.java:187)
	at liquibase.Scope.child(Scope.java:196)
	at liquibase.Scope.child(Scope.java:186)
	at liquibase.Scope.child(Scope.java:165)
	at liquibase.Scope.child(Scope.java:256)
	at liquibase.Scope.child(Scope.java:260)
	at liquibase.changelog.ChangeLogIterator.run(ChangeLogIterator.java:75)
	... 113 common frames omitted
Caused by: liquibase.exception.DatabaseException: Синтаксическая ошибка в выражении SQL "CREATE TABLE PUBLIC.todo (id INT GENERATED BY DEFAULT AS IDENTITY NOT NULL, title VARCHAR(255) NOT NULL, status ENUM('NOT_STARTED', ' IN_PROGRESS', 'DONE'), category_id INT NOT NULL, user_id INT NOT NULL, CONSTRAINT PK_TODO PRIMARY KEY (id), CONSTRAINT fk_todo_category FOREIGN KEY (category_id) REFERENCES PUBLIC.category(id) ON DELETE CASCADE, CONSTRAINT fk_todo_user FOREIGN KEY (user_id) REFERENCES PUBLIC.[*]user(id) ON DELETE CASCADE)"; ожидалось "identifier"
Syntax error in SQL statement "CREATE TABLE PUBLIC.todo (id INT GENERATED BY DEFAULT AS IDENTITY NOT NULL, title VARCHAR(255) NOT NULL, status ENUM('NOT_STARTED', ' IN_PROGRESS', 'DONE'), category_id INT NOT NULL, user_id INT NOT NULL, CONSTRAINT PK_TODO PRIMARY KEY (id), CONSTRAINT fk_todo_category FOREIGN KEY (category_id) REFERENCES PUBLIC.category(id) ON DELETE CASCADE, CONSTRAINT fk_todo_user FOREIGN KEY (user_id) REFERENCES PUBLIC.[*]user(id) ON DELETE CASCADE)"; expected "identifier"; SQL statement:
CREATE TABLE PUBLIC.todo (id INT GENERATED BY DEFAULT AS IDENTITY NOT NULL, title VARCHAR(255) NOT NULL, status ENUM('NOT_STARTED', ' IN_PROGRESS', 'DONE'), category_id INT NOT NULL, user_id INT NOT NULL, CONSTRAINT PK_TODO PRIMARY KEY (id), CONSTRAINT fk_todo_category FOREIGN KEY (category_id) REFERENCES PUBLIC.category(id) ON DELETE CASCADE, CONSTRAINT fk_todo_user FOREIGN KEY (user_id) REFERENCES PUBLIC.user(id) ON DELETE CASCADE) [42001-220] [Failed SQL: (42001) CREATE TABLE PUBLIC.todo (id INT GENERATED BY DEFAULT AS IDENTITY NOT NULL, title VARCHAR(255) NOT NULL, status ENUM('NOT_STARTED', ' IN_PROGRESS', 'DONE'), category_id INT NOT NULL, user_id INT NOT NULL, CONSTRAINT PK_TODO PRIMARY KEY (id), CONSTRAINT fk_todo_category FOREIGN KEY (category_id) REFERENCES PUBLIC.category(id) ON DELETE CASCADE, CONSTRAINT fk_todo_user FOREIGN KEY (user_id) REFERENCES PUBLIC.user(id) ON DELETE CASCADE)]
	at liquibase.executor.jvm.JdbcExecutor$ExecuteStatementCallback.doInStatement(JdbcExecutor.java:445)
	at liquibase.executor.jvm.JdbcExecutor.execute(JdbcExecutor.java:77)
	at liquibase.executor.jvm.JdbcExecutor.execute(JdbcExecutor.java:160)
	at liquibase.database.AbstractJdbcDatabase.execute(AbstractJdbcDatabase.java:1270)
	at liquibase.database.AbstractJdbcDatabase.executeStatements(AbstractJdbcDatabase.java:1252)
	at liquibase.changelog.ChangeSet.execute(ChangeSet.java:702)
	... 133 common frames omitted
Caused by: org.h2.jdbc.JdbcSQLSyntaxErrorException: Синтаксическая ошибка в выражении SQL "CREATE TABLE PUBLIC.todo (id INT GENERATED BY DEFAULT AS IDENTITY NOT NULL, title VARCHAR(255) NOT NULL, status ENUM('NOT_STARTED', ' IN_PROGRESS', 'DONE'), category_id INT NOT NULL, user_id INT NOT NULL, CONSTRAINT PK_TODO PRIMARY KEY (id), CONSTRAINT fk_todo_category FOREIGN KEY (category_id) REFERENCES PUBLIC.category(id) ON DELETE CASCADE, CONSTRAINT fk_todo_user FOREIGN KEY (user_id) REFERENCES PUBLIC.[*]user(id) ON DELETE CASCADE)"; ожидалось "identifier"
Syntax error in SQL statement "CREATE TABLE PUBLIC.todo (id INT GENERATED BY DEFAULT AS IDENTITY NOT NULL, title VARCHAR(255) NOT NULL, status ENUM('NOT_STARTED', ' IN_PROGRESS', 'DONE'), category_id INT NOT NULL, user_id INT NOT NULL, CONSTRAINT PK_TODO PRIMARY KEY (id), CONSTRAINT fk_todo_category FOREIGN KEY (category_id) REFERENCES PUBLIC.category(id) ON DELETE CASCADE, CONSTRAINT fk_todo_user FOREIGN KEY (user_id) REFERENCES PUBLIC.[*]user(id) ON DELETE CASCADE)"; expected "identifier"; SQL statement:
CREATE TABLE PUBLIC.todo (id INT GENERATED BY DEFAULT AS IDENTITY NOT NULL, title VARCHAR(255) NOT NULL, status ENUM('NOT_STARTED', ' IN_PROGRESS', 'DONE'), category_id INT NOT NULL, user_id INT NOT NULL, CONSTRAINT PK_TODO PRIMARY KEY (id), CONSTRAINT fk_todo_category FOREIGN KEY (category_id) REFERENCES PUBLIC.category(id) ON DELETE CASCADE, CONSTRAINT fk_todo_user FOREIGN KEY (user_id) REFERENCES PUBLIC.user(id) ON DELETE CASCADE) [42001-220]
	at org.h2.message.DbException.getJdbcSQLException(DbException.java:514)
	at org.h2.message.DbException.getJdbcSQLException(DbException.java:489)
	at org.h2.message.DbException.getSyntaxError(DbException.java:261)
	at org.h2.command.Parser.readIdentifier(Parser.java:5764)
	at org.h2.command.Parser.readIdentifierWithSchema2(Parser.java:5740)
	at org.h2.command.Parser.readIdentifierWithSchema(Parser.java:5727)
	at org.h2.command.Parser.parseReferences(Parser.java:9346)
	at org.h2.command.Parser.parseTableConstraintIf(Parser.java:9280)
	at org.h2.command.Parser.parseTableColumnDefinition(Parser.java:9486)
	at org.h2.command.Parser.parseCreateTable(Parser.java:9436)
	at org.h2.command.Parser.parseCreate(Parser.java:6905)
	at org.h2.command.Parser.parsePrepared(Parser.java:771)
	at org.h2.command.Parser.parse(Parser.java:697)
	at org.h2.command.Parser.parse(Parser.java:669)
	at org.h2.command.Parser.prepareCommand(Parser.java:577)
	at org.h2.engine.SessionLocal.prepareLocal(SessionLocal.java:634)
	at org.h2.engine.SessionLocal.prepareCommand(SessionLocal.java:557)
	at org.h2.jdbc.JdbcConnection.prepareCommand(JdbcConnection.java:1116)
	at org.h2.jdbc.JdbcStatement.executeInternal(JdbcStatement.java:237)
	at org.h2.jdbc.JdbcStatement.execute(JdbcStatement.java:223)
	at com.zaxxer.hikari.pool.ProxyStatement.execute(ProxyStatement.java:94)
	at com.zaxxer.hikari.pool.HikariProxyStatement.execute(HikariProxyStatement.java)
	at liquibase.executor.jvm.JdbcExecutor$ExecuteStatementCallback.doInStatement(JdbcExecutor.java:441)
	... 138 common frames omitted
2023-12-07 12:48:56,494 INFO c.e.t.s.i.CategoryServiceImpl [main] Category has been successfully added
2023-12-07 12:50:17,637 INFO c.e.t.s.i.CategoryServiceImpl [main] Category has been successfully added
2023-12-07 12:51:20,279 INFO c.e.t.s.i.CategoryServiceImpl [main] Category has been successfully added
2023-12-07 12:51:40,969 INFO c.e.t.s.i.CategoryServiceImpl [main] Category has been successfully added
2023-12-07 13:59:08,714 INFO c.e.t.s.i.CategoryServiceImpl [main] Category with the 1 id was updated
2023-12-07 14:00:32,494 INFO c.e.t.s.i.CategoryServiceImpl [main] Category with the 1 id was updated
2023-12-07 15:30:23,267 INFO c.e.t.s.i.CategoryServiceImpl [main] Category with the 1 id was updated
2023-12-07 15:31:20,003 INFO c.e.t.s.i.CategoryServiceImpl [main] Category with the 1 id was updated
2023-12-07 15:35:10,476 INFO c.e.t.s.i.CategoryServiceImpl [main] Category with the 1 id was updated
2023-12-07 15:40:44,338 INFO c.e.t.s.i.CategoryServiceImpl [main] Category with the 1 id was updated
2023-12-07 16:43:45,960 INFO c.e.t.s.i.CategoryServiceImpl [main] Category with the 1 id was updated
2023-12-07 16:43:45,984 INFO c.e.t.s.i.CategoryServiceImpl [main] Category has been successfully added
2023-12-07 17:04:17,376 INFO c.e.t.s.i.CategoryServiceImpl [main] Category has been successfully added
